<?xml version="1.0" encoding="UTF-8"?>
<TestRun id="cd0d22b6-0ea4-4d2e-951d-0e9d6ac08d51" name="admin@LENOV10776291 2010-01-14 20:34:39" runUser="LENOV10776291\admin" xmlns="http://microsoft.com/schemas/VisualStudio/TeamTest/2006">
  <TestRunConfiguration name="本地测试运行" id="2142fbe6-7047-4752-bab1-f524a3e83a09">
    <Description>这是本地测试运行的默认测试运行配置。</Description>
    <CodeCoverage enabled="true">
      <Regular>
        <CodeCoverageItem binaryFile="c:\users\admin\desktop\test\release_v0.1_2009-12-13_forus\utest-release1.0\utest\bin\debug\DAL.dll" pdbFile="c:\users\admin\desktop\test\release_v0.1_2009-12-13_forus\utest-release1.0\utest\bin\debug\DAL.instr.pdb" instrumentInPlace="true" />
      </Regular>
    </CodeCoverage>
    <Deployment runDeploymentRoot="C:\Users\admin\Desktop\test\Release_v0.1_2009-12-13_Forus\UTest-release1.0\TestResults\admin_LENOV10776291 2010-01-14 20_34_39">
      <DeploymentItem filename="C:\Users\admin\Desktop\test\Release_v0.1_2009-12-13_Forus\基线库\Release_v0.1_2009-12-13_Forus\Sherry化妆品\DbCtrl\bin\Debug\DbCtrl.dll" />
      <DeploymentItem filename="C:\Users\admin\Desktop\test\Release_v0.1_2009-12-13_Forus\基线库\Release_v0.1_2009-12-13_Forus\Sherry化妆品\Entity\bin\Debug\Entity.dll" />
      <DeploymentItem filename="C:\Users\admin\Desktop\test\Release_v0.1_2009-12-13_Forus\基线库\Release_v0.1_2009-12-13_Forus\Sherry化妆品\BLL\bin\Debug\BLL.dll" />
      <DeploymentItem filename="C:\Users\admin\Desktop\test\Release_v0.1_2009-12-13_Forus\基线库\Release_v0.1_2009-12-13_Forus\Sherry化妆品\InterFace\bin\Debug\InterFace.dll" />
      <DeploymentItem filename="C:\Users\admin\Desktop\test\Release_v0.1_2009-12-13_Forus\基线库\Release_v0.1_2009-12-13_Forus\Sherry化妆品\DAL\bin\Debug\DAL.dll" />
    </Deployment>
    <Plugins>
      <Plugin>Microsoft.VisualStudio.TestTools.CodeCoverage.CoveragePlugIn, Microsoft.VisualStudio.QualityTools.Plugins.CodeCoverage, PublicKeyToken=b03f5f7f11d50a3a</Plugin>
    </Plugins>
    <TestTypeSpecific>
      <WebTestRunConfiguration testTypeId="4e7599fa-5ecb-43e9-a887-cd63cf72d207">
        <Browser name="Internet Explorer 7.0">
          <Headers>
            <Header name="User-Agent" value="Mozilla/4.0 (compatible; MSIE 7.0; Windows NT 5.1)" />
            <Header name="Accept" value="*/*" />
            <Header name="Accept-Language" value="{{$IEAcceptLanguage}}" />
            <Header name="Accept-Encoding" value="GZIP" />
          </Headers>
        </Browser>
        <Network Name="LAN" BandwidthInKbps="0" />
      </WebTestRunConfiguration>
    </TestTypeSpecific>
  </TestRunConfiguration>
  <ResultSummary outcome="Warning">
    <Counters total="9" executed="9" passed="9" error="0" failed="0" timeout="0" aborted="0" inconclusive="0" passedButRunAborted="0" notRunnable="0" notExecuted="0" disconnected="0" warning="0" completed="0" inProgress="0" pending="0" />
    <RunInfos>
      <RunInfo computerName="LENOV10776291" outcome="Warning" timestamp="2010-01-14T20:34:39.7963791+08:00">
        <Text>处理文件 DAL.dll 时出现代码覆盖率检测警告:
警告 VSP2013 : 检测此映像要求此映像以 32 位进程的方式运行。已更新 CLR 标头标志，以反映这一信息。。</Text>
      </RunInfo>
    </RunInfos>
  </ResultSummary>
  <Times creation="2010-01-14T20:34:39.4375791+08:00" queuing="2010-01-14T20:34:40.0303791+08:00" start="2010-01-14T20:34:40.2019791+08:00" finish="2010-01-14T20:34:43.5559791+08:00" />
  <TestDefinitions>
    <UnitTest name="ShowAdminInfoTest" storage="c:\users\admin\desktop\test\release_v0.1_2009-12-13_forus\utest-release1.0\utest\bin\debug\utest.dll" id="04989a5c-56b5-fc59-fad4-91379e6b9030">
      <Css projectStructure="" iteration="" />
      <Owners>
        <Owner name="" />
      </Owners>
      <Execution id="b9d8386b-eb5a-4d87-9937-561ce639ca2b" />
      <TestMethod codeBase="C:\Users\admin\Desktop\test\Release_v0.1_2009-12-13_Forus\UTest-release1.0\UTest\bin\Debug\UTest.dll" adapterTypeName="Microsoft.VisualStudio.TestTools.TestTypes.Unit.UnitTestAdapter, Microsoft.VisualStudio.QualityTools.Tips.UnitTest.Adapter, Version=9.0.0.0, Culture=neutral, PublicKeyToken=b03f5f7f11d50a3a" className="UTest.AdminInfoDALTest, UTest" name="ShowAdminInfoTest" />
    </UnitTest>
    <UnitTest name="AddAdminTest" storage="c:\users\admin\desktop\test\release_v0.1_2009-12-13_forus\utest-release1.0\utest\bin\debug\utest.dll" id="73ee7c29-cc70-4dd5-c160-2223745ba30c">
      <Css projectStructure="" iteration="" />
      <Owners>
        <Owner name="" />
      </Owners>
      <Execution id="ad72cadc-ced0-4b75-b619-b997dbc55649" />
      <TestMethod codeBase="C:\Users\admin\Desktop\test\Release_v0.1_2009-12-13_Forus\UTest-release1.0\UTest\bin\Debug\UTest.dll" adapterTypeName="Microsoft.VisualStudio.TestTools.TestTypes.Unit.UnitTestAdapter, Microsoft.VisualStudio.QualityTools.Tips.UnitTest.Adapter, Version=9.0.0.0, Culture=neutral, PublicKeyToken=b03f5f7f11d50a3a" className="UTest.AdminInfoDALTest, UTest" name="AddAdminTest" />
    </UnitTest>
    <UnitTest name="SrchShopInfoByAddTest" storage="c:\users\admin\desktop\test\release_v0.1_2009-12-13_forus\utest-release1.0\utest\bin\debug\utest.dll" id="baa504ca-ca22-ab37-2f5f-0fd27e122518">
      <Css projectStructure="" iteration="" />
      <Owners>
        <Owner name="" />
      </Owners>
      <Execution id="537b4d02-2abb-4a71-b8f3-9d5ce27a6702" />
      <TestMethod codeBase="C:\Users\admin\Desktop\test\Release_v0.1_2009-12-13_Forus\UTest-release1.0\UTest\bin\Debug\UTest.dll" adapterTypeName="Microsoft.VisualStudio.TestTools.TestTypes.Unit.UnitTestAdapter, Microsoft.VisualStudio.QualityTools.Tips.UnitTest.Adapter, Version=9.0.0.0, Culture=neutral, PublicKeyToken=b03f5f7f11d50a3a" className="UTest.ShopInfoDALTest, UTest" name="SrchShopInfoByAddTest" />
    </UnitTest>
    <UnitTest name="ModiAdminInfoTest" storage="c:\users\admin\desktop\test\release_v0.1_2009-12-13_forus\utest-release1.0\utest\bin\debug\utest.dll" id="477dc44a-9c79-e848-6c64-0ed50e0a1d20">
      <Css projectStructure="" iteration="" />
      <Owners>
        <Owner name="" />
      </Owners>
      <Execution id="04f6c9db-3ffd-453e-8eb1-8d7edaa1c651" />
      <TestMethod codeBase="C:\Users\admin\Desktop\test\Release_v0.1_2009-12-13_Forus\UTest-release1.0\UTest\bin\Debug\UTest.dll" adapterTypeName="Microsoft.VisualStudio.TestTools.TestTypes.Unit.UnitTestAdapter, Microsoft.VisualStudio.QualityTools.Tips.UnitTest.Adapter, Version=9.0.0.0, Culture=neutral, PublicKeyToken=b03f5f7f11d50a3a" className="UTest.AdminInfoDALTest, UTest" name="ModiAdminInfoTest" />
    </UnitTest>
    <UnitTest name="ModiAdminLvTest" storage="c:\users\admin\desktop\test\release_v0.1_2009-12-13_forus\utest-release1.0\utest\bin\debug\utest.dll" id="8866b31b-711c-e4db-2155-a8e62ff762de">
      <Css projectStructure="" iteration="" />
      <Owners>
        <Owner name="" />
      </Owners>
      <Execution id="67da2dd2-cdba-4d5a-8bf6-44f20d5cff66" />
      <TestMethod codeBase="C:\Users\admin\Desktop\test\Release_v0.1_2009-12-13_Forus\UTest-release1.0\UTest\bin\Debug\UTest.dll" adapterTypeName="Microsoft.VisualStudio.TestTools.TestTypes.Unit.UnitTestAdapter, Microsoft.VisualStudio.QualityTools.Tips.UnitTest.Adapter, Version=9.0.0.0, Culture=neutral, PublicKeyToken=b03f5f7f11d50a3a" className="UTest.AdminInfoDALTest, UTest" name="ModiAdminLvTest" />
    </UnitTest>
    <UnitTest name="GetStorageTest" storage="c:\users\admin\desktop\test\release_v0.1_2009-12-13_forus\utest-release1.0\utest\bin\debug\utest.dll" id="d0e6858a-eea9-3f8a-850f-0c3e834930c8">
      <Css projectStructure="" iteration="" />
      <Owners>
        <Owner name="" />
      </Owners>
      <Execution id="5b51738e-270a-4a1f-9fb9-82bc5a674b6f" />
      <TestMethod codeBase="C:\Users\admin\Desktop\test\Release_v0.1_2009-12-13_Forus\UTest-release1.0\UTest\bin\Debug\UTest.dll" adapterTypeName="Microsoft.VisualStudio.TestTools.TestTypes.Unit.UnitTestAdapter, Microsoft.VisualStudio.QualityTools.Tips.UnitTest.Adapter, Version=9.0.0.0, Culture=neutral, PublicKeyToken=b03f5f7f11d50a3a" className="UTest.ShopCartInfoDALTest, UTest" name="GetStorageTest" />
    </UnitTest>
    <UnitTest name="DeleteAdminTest" storage="c:\users\admin\desktop\test\release_v0.1_2009-12-13_forus\utest-release1.0\utest\bin\debug\utest.dll" id="5663072b-065c-ffca-d63c-ab9d1d53e567">
      <Css projectStructure="" iteration="" />
      <Owners>
        <Owner name="" />
      </Owners>
      <Execution id="696df5d4-94d6-4873-810b-0f4bb1d9f232" />
      <TestMethod codeBase="C:\Users\admin\Desktop\test\Release_v0.1_2009-12-13_Forus\UTest-release1.0\UTest\bin\Debug\UTest.dll" adapterTypeName="Microsoft.VisualStudio.TestTools.TestTypes.Unit.UnitTestAdapter, Microsoft.VisualStudio.QualityTools.Tips.UnitTest.Adapter, Version=9.0.0.0, Culture=neutral, PublicKeyToken=b03f5f7f11d50a3a" className="UTest.AdminInfoDALTest, UTest" name="DeleteAdminTest" />
    </UnitTest>
    <UnitTest name="SrchAdminInfoTest" storage="c:\users\admin\desktop\test\release_v0.1_2009-12-13_forus\utest-release1.0\utest\bin\debug\utest.dll" id="5cae1334-ab96-b463-dc85-a912cc603dc3">
      <Css projectStructure="" iteration="" />
      <Owners>
        <Owner name="" />
      </Owners>
      <Execution id="7b621ccd-0cbd-490b-aa5c-31c04bfb3995" />
      <TestMethod codeBase="C:\Users\admin\Desktop\test\Release_v0.1_2009-12-13_Forus\UTest-release1.0\UTest\bin\Debug\UTest.dll" adapterTypeName="Microsoft.VisualStudio.TestTools.TestTypes.Unit.UnitTestAdapter, Microsoft.VisualStudio.QualityTools.Tips.UnitTest.Adapter, Version=9.0.0.0, Culture=neutral, PublicKeyToken=b03f5f7f11d50a3a" className="UTest.AdminInfoDALTest, UTest" name="SrchAdminInfoTest" />
    </UnitTest>
    <UnitTest name="SetItemEntityTest" storage="c:\users\admin\desktop\test\release_v0.1_2009-12-13_forus\utest-release1.0\utest\bin\debug\utest.dll" id="79105731-20d2-a1d6-efe0-3d4a3d81a929">
      <Css projectStructure="" iteration="" />
      <Owners>
        <Owner name="" />
      </Owners>
      <Execution id="29f498aa-a4c2-4750-b9cd-ce10dfa09ea1" />
      <TestMethod codeBase="C:\Users\admin\Desktop\test\Release_v0.1_2009-12-13_Forus\UTest-release1.0\UTest\bin\Debug\UTest.dll" adapterTypeName="Microsoft.VisualStudio.TestTools.TestTypes.Unit.UnitTestAdapter, Microsoft.VisualStudio.QualityTools.Tips.UnitTest.Adapter, Version=9.0.0.0, Culture=neutral, PublicKeyToken=b03f5f7f11d50a3a" className="UTest.ShopCartInfoDALTest, UTest" name="SetItemEntityTest" />
    </UnitTest>
  </TestDefinitions>
  <TestLists>
    <TestList name="列表中未列出的结果" id="8c84fa94-04c1-424b-9868-57a2d4851a1d" />
    <TestList name="所有已加载的结果" id="19431567-8539-422a-85d7-44ee4e166bda" />
  </TestLists>
  <TestEntries>
    <TestEntry testId="5cae1334-ab96-b463-dc85-a912cc603dc3" executionId="7b621ccd-0cbd-490b-aa5c-31c04bfb3995" testListId="8c84fa94-04c1-424b-9868-57a2d4851a1d" />
    <TestEntry testId="04989a5c-56b5-fc59-fad4-91379e6b9030" executionId="b9d8386b-eb5a-4d87-9937-561ce639ca2b" testListId="8c84fa94-04c1-424b-9868-57a2d4851a1d" />
    <TestEntry testId="73ee7c29-cc70-4dd5-c160-2223745ba30c" executionId="ad72cadc-ced0-4b75-b619-b997dbc55649" testListId="8c84fa94-04c1-424b-9868-57a2d4851a1d" />
    <TestEntry testId="5663072b-065c-ffca-d63c-ab9d1d53e567" executionId="696df5d4-94d6-4873-810b-0f4bb1d9f232" testListId="8c84fa94-04c1-424b-9868-57a2d4851a1d" />
    <TestEntry testId="477dc44a-9c79-e848-6c64-0ed50e0a1d20" executionId="04f6c9db-3ffd-453e-8eb1-8d7edaa1c651" testListId="8c84fa94-04c1-424b-9868-57a2d4851a1d" />
    <TestEntry testId="8866b31b-711c-e4db-2155-a8e62ff762de" executionId="67da2dd2-cdba-4d5a-8bf6-44f20d5cff66" testListId="8c84fa94-04c1-424b-9868-57a2d4851a1d" />
    <TestEntry testId="d0e6858a-eea9-3f8a-850f-0c3e834930c8" executionId="5b51738e-270a-4a1f-9fb9-82bc5a674b6f" testListId="8c84fa94-04c1-424b-9868-57a2d4851a1d" />
    <TestEntry testId="79105731-20d2-a1d6-efe0-3d4a3d81a929" executionId="29f498aa-a4c2-4750-b9cd-ce10dfa09ea1" testListId="8c84fa94-04c1-424b-9868-57a2d4851a1d" />
    <TestEntry testId="baa504ca-ca22-ab37-2f5f-0fd27e122518" executionId="537b4d02-2abb-4a71-b8f3-9d5ce27a6702" testListId="8c84fa94-04c1-424b-9868-57a2d4851a1d" />
  </TestEntries>
  <Results>
    <UnitTestResult executionId="7b621ccd-0cbd-490b-aa5c-31c04bfb3995" testId="5cae1334-ab96-b463-dc85-a912cc603dc3" testName="SrchAdminInfoTest" computerName="LENOV10776291" duration="00:00:00.1518331" startTime="2010-01-14T20:34:40.5919791+08:00" endTime="2010-01-14T20:34:40.8883791+08:00" testType="13cdc9d9-ddb5-4fa4-a97d-d965ccfc6d4b" outcome="Passed" testListId="8c84fa94-04c1-424b-9868-57a2d4851a1d">
      <Output>
      </Output>
    </UnitTestResult>
    <UnitTestResult executionId="b9d8386b-eb5a-4d87-9937-561ce639ca2b" testId="04989a5c-56b5-fc59-fad4-91379e6b9030" testName="ShowAdminInfoTest" computerName="LENOV10776291" duration="00:00:00.0022235" startTime="2010-01-14T20:34:40.8883791+08:00" endTime="2010-01-14T20:34:40.8883791+08:00" testType="13cdc9d9-ddb5-4fa4-a97d-d965ccfc6d4b" outcome="Passed" testListId="8c84fa94-04c1-424b-9868-57a2d4851a1d">
      <Output>
      </Output>
    </UnitTestResult>
    <UnitTestResult executionId="ad72cadc-ced0-4b75-b619-b997dbc55649" testId="73ee7c29-cc70-4dd5-c160-2223745ba30c" testName="AddAdminTest" computerName="LENOV10776291" duration="00:00:00.0026188" startTime="2010-01-14T20:34:40.8883791+08:00" endTime="2010-01-14T20:34:40.9039791+08:00" testType="13cdc9d9-ddb5-4fa4-a97d-d965ccfc6d4b" outcome="Passed" testListId="8c84fa94-04c1-424b-9868-57a2d4851a1d">
      <Output>
      </Output>
    </UnitTestResult>
    <UnitTestResult executionId="696df5d4-94d6-4873-810b-0f4bb1d9f232" testId="5663072b-065c-ffca-d63c-ab9d1d53e567" testName="DeleteAdminTest" computerName="LENOV10776291" duration="00:00:00.0011394" startTime="2010-01-14T20:34:40.9039791+08:00" endTime="2010-01-14T20:34:40.9039791+08:00" testType="13cdc9d9-ddb5-4fa4-a97d-d965ccfc6d4b" outcome="Passed" testListId="8c84fa94-04c1-424b-9868-57a2d4851a1d">
      <Output>
      </Output>
    </UnitTestResult>
    <UnitTestResult executionId="04f6c9db-3ffd-453e-8eb1-8d7edaa1c651" testId="477dc44a-9c79-e848-6c64-0ed50e0a1d20" testName="ModiAdminInfoTest" computerName="LENOV10776291" duration="00:00:00.0014952" startTime="2010-01-14T20:34:40.9039791+08:00" endTime="2010-01-14T20:34:40.9039791+08:00" testType="13cdc9d9-ddb5-4fa4-a97d-d965ccfc6d4b" outcome="Passed" testListId="8c84fa94-04c1-424b-9868-57a2d4851a1d">
      <Output>
      </Output>
    </UnitTestResult>
    <UnitTestResult executionId="67da2dd2-cdba-4d5a-8bf6-44f20d5cff66" testId="8866b31b-711c-e4db-2155-a8e62ff762de" testName="ModiAdminLvTest" computerName="LENOV10776291" duration="00:00:00.0012077" startTime="2010-01-14T20:34:40.9039791+08:00" endTime="2010-01-14T20:34:40.9039791+08:00" testType="13cdc9d9-ddb5-4fa4-a97d-d965ccfc6d4b" outcome="Passed" testListId="8c84fa94-04c1-424b-9868-57a2d4851a1d">
      <Output>
      </Output>
    </UnitTestResult>
    <UnitTestResult executionId="5b51738e-270a-4a1f-9fb9-82bc5a674b6f" testId="d0e6858a-eea9-3f8a-850f-0c3e834930c8" testName="GetStorageTest" computerName="LENOV10776291" duration="00:00:00.0032673" startTime="2010-01-14T20:34:40.9039791+08:00" endTime="2010-01-14T20:34:40.9195791+08:00" testType="13cdc9d9-ddb5-4fa4-a97d-d965ccfc6d4b" outcome="Passed" testListId="8c84fa94-04c1-424b-9868-57a2d4851a1d">
      <Output>
      </Output>
    </UnitTestResult>
    <UnitTestResult executionId="29f498aa-a4c2-4750-b9cd-ce10dfa09ea1" testId="79105731-20d2-a1d6-efe0-3d4a3d81a929" testName="SetItemEntityTest" computerName="LENOV10776291" duration="00:00:00.0040680" startTime="2010-01-14T20:34:40.9195791+08:00" endTime="2010-01-14T20:34:40.9195791+08:00" testType="13cdc9d9-ddb5-4fa4-a97d-d965ccfc6d4b" outcome="Passed" testListId="8c84fa94-04c1-424b-9868-57a2d4851a1d">
      <Output>
      </Output>
    </UnitTestResult>
    <UnitTestResult executionId="537b4d02-2abb-4a71-b8f3-9d5ce27a6702" testId="baa504ca-ca22-ab37-2f5f-0fd27e122518" testName="SrchShopInfoByAddTest" computerName="LENOV10776291" duration="00:00:00.0018025" startTime="2010-01-14T20:34:40.9195791+08:00" endTime="2010-01-14T20:34:40.9195791+08:00" testType="13cdc9d9-ddb5-4fa4-a97d-d965ccfc6d4b" outcome="Passed" testListId="8c84fa94-04c1-424b-9868-57a2d4851a1d">
      <Output>
      </Output>
    </UnitTestResult>
  </Results>
</TestRun>