<?xml version="1.0" encoding="UTF-8"?>
<TestRun id="a17a2335-82d0-49c2-855c-fc8ab9ab93eb" name="admin@LENOV10776291 2010-01-14 23:05:39" runUser="LENOV10776291\admin" xmlns="http://microsoft.com/schemas/VisualStudio/TeamTest/2006">
  <TestRunConfiguration name="本地测试运行" id="df48566b-9bcd-4374-b916-00bd3644bf29">
    <Description>这是本地测试运行的默认测试运行配置。</Description>
    <CodeCoverage enabled="true">
      <Regular>
        <CodeCoverageItem binaryFile="D:\test\Release_v1.1_2010-01-14_Forus\Web\bin\BLL.dll" pdbFile="D:\test\Release_v1.1_2010-01-14_Forus\Web\bin\BLL.instr.pdb" instrumentInPlace="true" outputDirectory="Web\Bin" />
        <CodeCoverageItem binaryFile="D:\test\Release_v1.1_2010-01-14_Forus\Web\bin\DAL.dll" pdbFile="D:\test\Release_v1.1_2010-01-14_Forus\Web\bin\DAL.instr.pdb" instrumentInPlace="true" outputDirectory="Web\Bin" />
        <CodeCoverageItem binaryFile="D:\test\Release_v1.1_2010-01-14_Forus\Web\bin\DbCtrl.dll" pdbFile="D:\test\Release_v1.1_2010-01-14_Forus\Web\bin\DbCtrl.instr.pdb" instrumentInPlace="true" outputDirectory="Web\Bin" />
        <CodeCoverageItem binaryFile="D:\test\Release_v1.1_2010-01-14_Forus\Web\bin\Entity.dll" pdbFile="D:\test\Release_v1.1_2010-01-14_Forus\Web\bin\Entity.instr.pdb" instrumentInPlace="true" outputDirectory="Web\Bin" />
        <CodeCoverageItem binaryFile="D:\test\Release_v1.1_2010-01-14_Forus\BLL\bin\Debug\BLL.dll" pdbFile="D:\test\Release_v1.1_2010-01-14_Forus\BLL\bin\Debug\BLL.instr.pdb" instrumentInPlace="true" />
        <CodeCoverageItem binaryFile="D:\test\Release_v1.1_2010-01-14_Forus\DAL\bin\Debug\DAL.dll" pdbFile="D:\test\Release_v1.1_2010-01-14_Forus\DAL\bin\Debug\DAL.instr.pdb" instrumentInPlace="true" />
        <CodeCoverageItem binaryFile="D:\test\Release_v1.1_2010-01-14_Forus\DbCtrl\bin\Debug\DbCtrl.dll" pdbFile="D:\test\Release_v1.1_2010-01-14_Forus\DbCtrl\bin\Debug\DbCtrl.instr.pdb" instrumentInPlace="true" />
        <CodeCoverageItem binaryFile="D:\test\Release_v1.1_2010-01-14_Forus\Entity\bin\Debug\Entity.dll" pdbFile="D:\test\Release_v1.1_2010-01-14_Forus\Entity\bin\Debug\Entity.instr.pdb" instrumentInPlace="true" />
        <CodeCoverageItem binaryFile="D:\test\Release_v1.1_2010-01-14_Forus\TestProject1\bin\Debug\TestProject1.dll" pdbFile="D:\test\Release_v1.1_2010-01-14_Forus\TestProject1\bin\Debug\TestProject1.instr.pdb" instrumentInPlace="true" />
      </Regular>
      <AspNet>
        <AspNetCodeCoverageItem id="ac344fef-7b77-4cde-ad9d-76d3a6920876" name="Web" applicationRoot="/Web" url="http://localhost:0/Web" />
      </AspNet>
    </CodeCoverage>
    <Deployment runDeploymentRoot="D:\test\Release_v1.1_2010-01-14_Forus\TestResults\admin_LENOV10776291 2010-01-14 23_05_39">
      <DeploymentItem filename="D:\test\Release_v1.1_2010-01-14_Forus\Entity\bin\Debug\Entity.dll" />
      <DeploymentItem filename="D:\test\Release_v1.1_2010-01-14_Forus\InterFace\bin\Debug\InterFace.dll" />
      <DeploymentItem filename="D:\test\Release_v1.1_2010-01-14_Forus\DAL\bin\Debug\DAL.dll" />
      <DeploymentItem filename="D:\test\Release_v1.1_2010-01-14_Forus\DbCtrl\bin\Debug\DbCtrl.dll" />
    </Deployment>
    <Plugins>
      <Plugin>Microsoft.VisualStudio.TestTools.CodeCoverage.CoveragePlugIn, Microsoft.VisualStudio.QualityTools.Plugins.CodeCoverage, PublicKeyToken=b03f5f7f11d50a3a</Plugin>
    </Plugins>
    <TestTypeSpecific>
      <WebTestRunConfiguration testTypeId="4e7599fa-5ecb-43e9-a887-cd63cf72d207">
        <Browser name="Internet Explorer 7.0">
          <Headers>
            <Header name="User-Agent" value="Mozilla/4.0 (compatible; MSIE 7.0; Windows NT 5.1)" />
            <Header name="Accept" value="*/*" />
            <Header name="Accept-Language" value="{{$IEAcceptLanguage}}" />
            <Header name="Accept-Encoding" value="GZIP" />
          </Headers>
        </Browser>
        <Network Name="LAN" BandwidthInKbps="0" />
      </WebTestRunConfiguration>
    </TestTypeSpecific>
  </TestRunConfiguration>
  <ResultSummary outcome="Warning">
    <Counters total="4" executed="4" passed="4" error="0" failed="0" timeout="0" aborted="0" inconclusive="0" passedButRunAborted="0" notRunnable="0" notExecuted="0" disconnected="0" warning="0" completed="0" inProgress="0" pending="0" />
    <RunInfos>
      <RunInfo computerName="LENOV10776291" outcome="Warning" timestamp="2010-01-14T23:05:39.6355791+08:00">
        <Text>处理文件 BLL.dll 时出现代码覆盖率检测警告:
警告 VSP2013 : 检测此映像要求此映像以 32 位进程的方式运行。已更新 CLR 标头标志，以反映这一信息。。</Text>
      </RunInfo>
      <RunInfo computerName="LENOV10776291" outcome="Warning" timestamp="2010-01-14T23:05:39.8539791+08:00">
        <Text>处理文件 DAL.dll 时出现代码覆盖率检测警告:
警告 VSP2013 : 检测此映像要求此映像以 32 位进程的方式运行。已更新 CLR 标头标志，以反映这一信息。。</Text>
      </RunInfo>
      <RunInfo computerName="LENOV10776291" outcome="Warning" timestamp="2010-01-14T23:05:39.9787791+08:00">
        <Text>处理文件 DbCtrl.dll 时出现代码覆盖率检测警告:
警告 VSP2013 : 检测此映像要求此映像以 32 位进程的方式运行。已更新 CLR 标头标志，以反映这一信息。。</Text>
      </RunInfo>
      <RunInfo computerName="LENOV10776291" outcome="Warning" timestamp="2010-01-14T23:05:40.0723791+08:00">
        <Text>处理文件 Entity.dll 时出现代码覆盖率检测警告:
警告 VSP2013 : 检测此映像要求此映像以 32 位进程的方式运行。已更新 CLR 标头标志，以反映这一信息。。</Text>
      </RunInfo>
      <RunInfo computerName="LENOV10776291" outcome="Warning" timestamp="2010-01-14T23:05:40.1191791+08:00">
        <Text>处理文件 InterFace.dll 时出现代码覆盖率检测警告:
警告 VSP2007 : D:\test\Release_v1.1_2010-01-14_Forus\InterFace\bin\Debug\InterFace.dll 不包含可检测的代码。。</Text>
      </RunInfo>
      <RunInfo computerName="LENOV10776291" outcome="Warning" timestamp="2010-01-14T23:05:40.2127791+08:00">
        <Text>处理文件 TestProject1.dll 时出现代码覆盖率检测警告:
警告 VSP2013 : 检测此映像要求此映像以 32 位进程的方式运行。已更新 CLR 标头标志，以反映这一信息。。</Text>
      </RunInfo>
      <RunInfo computerName="LENOV10776291" outcome="Warning" timestamp="2010-01-14T23:05:40.3999791+08:00">
        <Text>处理文件 BLL.dll 时出现代码覆盖率检测警告:
警告 VSP2013 : 检测此映像要求此映像以 32 位进程的方式运行。已更新 CLR 标头标志，以反映这一信息。。</Text>
      </RunInfo>
      <RunInfo computerName="LENOV10776291" outcome="Warning" timestamp="2010-01-14T23:05:40.5871791+08:00">
        <Text>处理文件 DAL.dll 时出现代码覆盖率检测警告:
警告 VSP2013 : 检测此映像要求此映像以 32 位进程的方式运行。已更新 CLR 标头标志，以反映这一信息。。</Text>
      </RunInfo>
      <RunInfo computerName="LENOV10776291" outcome="Warning" timestamp="2010-01-14T23:05:40.6807791+08:00">
        <Text>处理文件 DbCtrl.dll 时出现代码覆盖率检测警告:
警告 VSP2013 : 检测此映像要求此映像以 32 位进程的方式运行。已更新 CLR 标头标志，以反映这一信息。。</Text>
      </RunInfo>
      <RunInfo computerName="LENOV10776291" outcome="Warning" timestamp="2010-01-14T23:05:40.7743791+08:00">
        <Text>处理文件 Entity.dll 时出现代码覆盖率检测警告:
警告 VSP2013 : 检测此映像要求此映像以 32 位进程的方式运行。已更新 CLR 标头标志，以反映这一信息。。</Text>
      </RunInfo>
      <RunInfo computerName="LENOV10776291" outcome="Warning" timestamp="2010-01-14T23:05:40.8367791+08:00">
        <Text>处理文件 InterFace.dll 时出现代码覆盖率检测警告:
警告 VSP2007 : D:\test\Release_v1.1_2010-01-14_Forus\Web\bin\InterFace.dll 不包含可检测的代码。。</Text>
      </RunInfo>
    </RunInfos>
  </ResultSummary>
  <Times creation="2010-01-14T23:05:39.2143791+08:00" queuing="2010-01-14T23:05:41.1955791+08:00" start="2010-01-14T23:05:41.4139791+08:00" finish="2010-01-14T23:05:46.7335791+08:00" />
  <TestDefinitions>
    <UnitTest name="InsertNewOrderTest" storage="d:\test\release_v1.1_2010-01-14_forus\testproject1\bin\debug\testproject1.dll" id="a02a8242-705f-9f49-7218-1c7015aad4a7">
      <Css projectStructure="" iteration="" />
      <Owners>
        <Owner name="" />
      </Owners>
      <Execution id="651f5b2d-0968-467c-b466-9f022ac4b09a" />
      <TestMethod codeBase="D:\test\Release_v1.1_2010-01-14_Forus\TestProject1\bin\Debug\TestProject1.dll" adapterTypeName="Microsoft.VisualStudio.TestTools.TestTypes.Unit.UnitTestAdapter, Microsoft.VisualStudio.QualityTools.Tips.UnitTest.Adapter, Version=9.0.0.0, Culture=neutral, PublicKeyToken=b03f5f7f11d50a3a" className="TestProject1.CheckoutInfoDALTest, TestProject1" name="InsertNewOrderTest" />
    </UnitTest>
    <UnitTest name="UpdateToGoldenUserTest" storage="d:\test\release_v1.1_2010-01-14_forus\testproject1\bin\debug\testproject1.dll" id="d75fa6b4-6767-a052-c66a-36071f75832a">
      <Css projectStructure="" iteration="" />
      <Owners>
        <Owner name="" />
      </Owners>
      <Execution id="191c1305-9cf8-4eff-96de-c2b59cc418c5" />
      <TestMethod codeBase="D:\test\Release_v1.1_2010-01-14_Forus\TestProject1\bin\Debug\TestProject1.dll" adapterTypeName="Microsoft.VisualStudio.TestTools.TestTypes.Unit.UnitTestAdapter, Microsoft.VisualStudio.QualityTools.Tips.UnitTest.Adapter, Version=9.0.0.0, Culture=neutral, PublicKeyToken=b03f5f7f11d50a3a" className="TestProject1.CheckoutInfoDALTest, TestProject1" name="UpdateToGoldenUserTest" />
    </UnitTest>
    <UnitTest name="ChangeUserInfoTest" storage="d:\test\release_v1.1_2010-01-14_forus\testproject1\bin\debug\testproject1.dll" id="ebd524a3-95e3-f682-9612-0cb6a986ea22">
      <Css projectStructure="" iteration="" />
      <Owners>
        <Owner name="" />
      </Owners>
      <Execution id="8c18f643-3985-41b7-8556-d433ac879969" />
      <TestMethod codeBase="D:\test\Release_v1.1_2010-01-14_Forus\TestProject1\bin\Debug\TestProject1.dll" adapterTypeName="Microsoft.VisualStudio.TestTools.TestTypes.Unit.UnitTestAdapter, Microsoft.VisualStudio.QualityTools.Tips.UnitTest.Adapter, Version=9.0.0.0, Culture=neutral, PublicKeyToken=b03f5f7f11d50a3a" className="TestProject1.CheckoutInfoDALTest, TestProject1" name="ChangeUserInfoTest" />
    </UnitTest>
    <UnitTest name="SetUserInfoTest" storage="d:\test\release_v1.1_2010-01-14_forus\testproject1\bin\debug\testproject1.dll" id="0e45a9be-37d6-8091-59cb-bcce53f50665">
      <Css projectStructure="" iteration="" />
      <Owners>
        <Owner name="" />
      </Owners>
      <Execution id="914b3a37-5782-4f47-b10b-cd5c7cf51746" />
      <TestMethod codeBase="D:\test\Release_v1.1_2010-01-14_Forus\TestProject1\bin\Debug\TestProject1.dll" adapterTypeName="Microsoft.VisualStudio.TestTools.TestTypes.Unit.UnitTestAdapter, Microsoft.VisualStudio.QualityTools.Tips.UnitTest.Adapter, Version=9.0.0.0, Culture=neutral, PublicKeyToken=b03f5f7f11d50a3a" className="TestProject1.CheckoutInfoDALTest, TestProject1" name="SetUserInfoTest" />
    </UnitTest>
  </TestDefinitions>
  <TestLists>
    <TestList name="列表中未列出的结果" id="8c84fa94-04c1-424b-9868-57a2d4851a1d" />
    <TestList name="所有已加载的结果" id="19431567-8539-422a-85d7-44ee4e166bda" />
  </TestLists>
  <TestEntries>
    <TestEntry testId="d75fa6b4-6767-a052-c66a-36071f75832a" executionId="191c1305-9cf8-4eff-96de-c2b59cc418c5" testListId="8c84fa94-04c1-424b-9868-57a2d4851a1d" />
    <TestEntry testId="0e45a9be-37d6-8091-59cb-bcce53f50665" executionId="914b3a37-5782-4f47-b10b-cd5c7cf51746" testListId="8c84fa94-04c1-424b-9868-57a2d4851a1d" />
    <TestEntry testId="ebd524a3-95e3-f682-9612-0cb6a986ea22" executionId="8c18f643-3985-41b7-8556-d433ac879969" testListId="8c84fa94-04c1-424b-9868-57a2d4851a1d" />
    <TestEntry testId="a02a8242-705f-9f49-7218-1c7015aad4a7" executionId="651f5b2d-0968-467c-b466-9f022ac4b09a" testListId="8c84fa94-04c1-424b-9868-57a2d4851a1d" />
  </TestEntries>
  <Results>
    <UnitTestResult executionId="191c1305-9cf8-4eff-96de-c2b59cc418c5" testId="d75fa6b4-6767-a052-c66a-36071f75832a" testName="UpdateToGoldenUserTest" computerName="LENOV10776291" duration="00:00:00.1530524" startTime="2010-01-14T23:05:43.7383791+08:00" endTime="2010-01-14T23:05:44.0347791+08:00" testType="13cdc9d9-ddb5-4fa4-a97d-d965ccfc6d4b" outcome="Passed" testListId="8c84fa94-04c1-424b-9868-57a2d4851a1d">
      <Output>
      </Output>
    </UnitTestResult>
    <UnitTestResult executionId="914b3a37-5782-4f47-b10b-cd5c7cf51746" testId="0e45a9be-37d6-8091-59cb-bcce53f50665" testName="SetUserInfoTest" computerName="LENOV10776291" duration="00:00:00.0080869" startTime="2010-01-14T23:05:44.0347791+08:00" endTime="2010-01-14T23:05:44.0503791+08:00" testType="13cdc9d9-ddb5-4fa4-a97d-d965ccfc6d4b" outcome="Passed" testListId="8c84fa94-04c1-424b-9868-57a2d4851a1d">
      <Output>
      </Output>
    </UnitTestResult>
    <UnitTestResult executionId="8c18f643-3985-41b7-8556-d433ac879969" testId="ebd524a3-95e3-f682-9612-0cb6a986ea22" testName="ChangeUserInfoTest" computerName="LENOV10776291" duration="00:00:00.0017473" startTime="2010-01-14T23:05:44.0503791+08:00" endTime="2010-01-14T23:05:44.0503791+08:00" testType="13cdc9d9-ddb5-4fa4-a97d-d965ccfc6d4b" outcome="Passed" testListId="8c84fa94-04c1-424b-9868-57a2d4851a1d">
      <Output>
      </Output>
    </UnitTestResult>
    <UnitTestResult executionId="651f5b2d-0968-467c-b466-9f022ac4b09a" testId="a02a8242-705f-9f49-7218-1c7015aad4a7" testName="InsertNewOrderTest" computerName="LENOV10776291" duration="00:00:00.0491941" startTime="2010-01-14T23:05:44.0503791+08:00" endTime="2010-01-14T23:05:44.0971791+08:00" testType="13cdc9d9-ddb5-4fa4-a97d-d965ccfc6d4b" outcome="Passed" testListId="8c84fa94-04c1-424b-9868-57a2d4851a1d">
      <Output>
      </Output>
    </UnitTestResult>
  </Results>
</TestRun>